<?xml version="1.0" encoding="UTF-8"?>
<!-- Generated by org.testng.reporters.JUnitReportReporter -->
<testsuite hostname="DESKTOP-QN2Q64M" name="demoANT.MethodThree" tests="1" failures="0" timestamp="10 Mar 2017 23:33:50 GMT" time="0.000" errors="0">
  <testcase name="TestMethodThree" time="0.000" classname="demoANT.MethodThree"/>
</testsuite> <!-- demoANT.MethodThree -->
