<?xml version="1.0" encoding="UTF-8"?>
<!-- Generated by org.testng.reporters.JUnitReportReporter -->
<testsuite hostname="DESKTOP-QN2Q64M" name="demoANT.MethodTwo" tests="1" failures="0" timestamp="10 Mar 2017 23:33:50 GMT" time="0.017" errors="0">
  <testcase name="TestMethodTwo" time="0.017" classname="demoANT.MethodTwo"/>
</testsuite> <!-- demoANT.MethodTwo -->
